{"message":"no method named `read_to_string` found for struct `StdinLock` in the current scope","code":{"code":"E0599","explanation":"This error occurs when a method is used on a type which doesn't implement it:\n\nErroneous code example:\n\n```compile_fail,E0599\nstruct Mouth;\n\nlet x = Mouth;\nx.chocolate(); // error: no method named `chocolate` found for type `Mouth`\n               //        in the current scope\n```\n\nIn this case, you need to implement the `chocolate` method to fix the error:\n\n```\nstruct Mouth;\n\nimpl Mouth {\n    fn chocolate(&self) { // We implement the `chocolate` method here.\n        println!(\"Hmmm! I love chocolate!\");\n    }\n}\n\nlet x = Mouth;\nx.chocolate(); // ok!\n```\n"},"level":"error","spans":[{"file_name":"2022/4/src/main.rs","byte_start":206,"byte_end":220,"line_start":10,"line_end":10,"column_start":10,"column_end":24,"is_primary":true,"text":[{"text":"        .read_to_string(&mut data)","highlight_start":10,"highlight_end":24}],"label":"method not found in `StdinLock<'_>`","suggested_replacement":null,"suggestion_applicability":null,"expansion":null},{"file_name":"/Users/thomas/.rustup/toolchains/stable-x86_64-apple-darwin/lib/rustlib/src/rust/library/std/src/io/mod.rs","byte_start":25415,"byte_end":25429,"line_start":749,"line_end":749,"column_start":8,"column_end":22,"is_primary":false,"text":[{"text":"    fn read_to_string(&mut self, buf: &mut String) -> Result<usize> {","highlight_start":8,"highlight_end":22}],"label":"the method is available for `StdinLock<'_>` here","suggested_replacement":null,"suggestion_applicability":null,"expansion":null}],"children":[{"message":"items from traits can only be used if the trait is in scope","code":null,"level":"help","spans":[],"children":[],"rendered":null},{"message":"the following trait is implemented but not in scope; perhaps add a `use` for it:","code":null,"level":"help","spans":[{"file_name":"2022/4/src/main.rs","byte_start":0,"byte_end":0,"line_start":1,"line_end":1,"column_start":1,"column_end":1,"is_primary":true,"text":[],"label":null,"suggested_replacement":"use std::io::Read;\n","suggestion_applicability":"MaybeIncorrect","expansion":null}],"children":[],"rendered":null}],"rendered":"\u001b[0m\u001b[1m\u001b[38;5;9merror[E0599]\u001b[0m\u001b[0m\u001b[1m: no method named `read_to_string` found for struct `StdinLock` in the current scope\u001b[0m\n\u001b[0m   \u001b[0m\u001b[0m\u001b[1m\u001b[38;5;12m--> \u001b[0m\u001b[0m2022/4/src/main.rs:10:10\u001b[0m\n\u001b[0m    \u001b[0m\u001b[0m\u001b[1m\u001b[38;5;12m|\u001b[0m\n\u001b[0m\u001b[1m\u001b[38;5;12m10\u001b[0m\u001b[0m  \u001b[0m\u001b[0m\u001b[1m\u001b[38;5;12m|\u001b[0m\u001b[0m \u001b[0m\u001b[0m        .read_to_string(&mut data)\u001b[0m\n\u001b[0m    \u001b[0m\u001b[0m\u001b[1m\u001b[38;5;12m| \u001b[0m\u001b[0m         \u001b[0m\u001b[0m\u001b[1m\u001b[38;5;9m^^^^^^^^^^^^^^\u001b[0m\u001b[0m \u001b[0m\u001b[0m\u001b[1m\u001b[38;5;9mmethod not found in `StdinLock<'_>`\u001b[0m\n\u001b[0m    \u001b[0m\u001b[0m\u001b[1m\u001b[38;5;12m|\u001b[0m\n\u001b[0m   \u001b[0m\u001b[0m\u001b[1m\u001b[38;5;12m::: \u001b[0m\u001b[0m/Users/thomas/.rustup/toolchains/stable-x86_64-apple-darwin/lib/rustlib/src/rust/library/std/src/io/mod.rs:749:8\u001b[0m\n\u001b[0m    \u001b[0m\u001b[0m\u001b[1m\u001b[38;5;12m|\u001b[0m\n\u001b[0m\u001b[1m\u001b[38;5;12m749\u001b[0m\u001b[0m \u001b[0m\u001b[0m\u001b[1m\u001b[38;5;12m|\u001b[0m\u001b[0m \u001b[0m\u001b[0m    fn read_to_string(&mut self, buf: &mut String) -> Result<usize> {\u001b[0m\n\u001b[0m    \u001b[0m\u001b[0m\u001b[1m\u001b[38;5;12m| \u001b[0m\u001b[0m       \u001b[0m\u001b[0m\u001b[1m\u001b[38;5;12m--------------\u001b[0m\u001b[0m \u001b[0m\u001b[0m\u001b[1m\u001b[38;5;12mthe method is available for `StdinLock<'_>` here\u001b[0m\n\u001b[0m    \u001b[0m\u001b[0m\u001b[1m\u001b[38;5;12m|\u001b[0m\n\u001b[0m    \u001b[0m\u001b[0m\u001b[1m\u001b[38;5;12m= \u001b[0m\u001b[0m\u001b[1mhelp\u001b[0m\u001b[0m: items from traits can only be used if the trait is in scope\u001b[0m\n\u001b[0m\u001b[1m\u001b[38;5;14mhelp\u001b[0m\u001b[0m: the following trait is implemented but not in scope; perhaps add a `use` for it:\u001b[0m\n\u001b[0m    \u001b[0m\u001b[0m\u001b[1m\u001b[38;5;12m|\u001b[0m\n\u001b[0m\u001b[1m\u001b[38;5;12m1\u001b[0m\u001b[0m   \u001b[0m\u001b[0m\u001b[1m\u001b[38;5;12m| \u001b[0m\u001b[0m\u001b[38;5;10muse std::io::Read;\u001b[0m\n\u001b[0m    \u001b[0m\u001b[0m\u001b[1m\u001b[38;5;12m|\u001b[0m\n\n"}
{"message":"mismatched types","code":{"code":"E0308","explanation":"Expected type did not match the received type.\n\nErroneous code examples:\n\n```compile_fail,E0308\nfn plus_one(x: i32) -> i32 {\n    x + 1\n}\n\nplus_one(\"Not a number\");\n//       ^^^^^^^^^^^^^^ expected `i32`, found `&str`\n\nif \"Not a bool\" {\n// ^^^^^^^^^^^^ expected `bool`, found `&str`\n}\n\nlet x: f32 = \"Not a float\";\n//     ---   ^^^^^^^^^^^^^ expected `f32`, found `&str`\n//     |\n//     expected due to this\n```\n\nThis error occurs when an expression was used in a place where the compiler\nexpected an expression of a different type. It can occur in several cases, the\nmost common being when calling a function and passing an argument which has a\ndifferent type than the matching type in the function declaration.\n"},"level":"error","spans":[{"file_name":"2022/4/src/main.rs","byte_start":70,"byte_end":80,"line_start":3,"line_end":3,"column_start":14,"column_end":24,"is_primary":true,"text":[{"text":"fn main() -> Result<()> {","highlight_start":14,"highlight_end":24}],"label":"expected enum `std::result::Result`, found `()`","suggested_replacement":null,"suggestion_applicability":null,"expansion":null},{"file_name":"2022/4/src/main.rs","byte_start":60,"byte_end":64,"line_start":3,"line_end":3,"column_start":4,"column_end":8,"is_primary":false,"text":[{"text":"fn main() -> Result<()> {","highlight_start":4,"highlight_end":8}],"label":"implicitly returns `()` as its body has no tail or `return` expression","suggested_replacement":null,"suggestion_applicability":null,"expansion":null}],"children":[{"message":"  expected enum `std::result::Result<(), String>`\nfound unit type `()`","code":null,"level":"note","spans":[],"children":[],"rendered":null},{"message":"remove this semicolon","code":null,"level":"help","spans":[{"file_name":"2022/4/src/main.rs","byte_start":294,"byte_end":295,"line_start":11,"line_end":11,"column_start":63,"column_end":64,"is_primary":true,"text":[{"text":"        .map_err(|err| format!(\"Couldn't read stdin: {err}\"))?;","highlight_start":63,"highlight_end":64}],"label":null,"suggested_replacement":"","suggestion_applicability":"MachineApplicable","expansion":null}],"children":[],"rendered":null}],"rendered":"\u001b[0m\u001b[1m\u001b[38;5;9merror[E0308]\u001b[0m\u001b[0m\u001b[1m: mismatched types\u001b[0m\n\u001b[0m  \u001b[0m\u001b[0m\u001b[1m\u001b[38;5;12m--> \u001b[0m\u001b[0m2022/4/src/main.rs:3:14\u001b[0m\n\u001b[0m   \u001b[0m\u001b[0m\u001b[1m\u001b[38;5;12m|\u001b[0m\n\u001b[0m\u001b[1m\u001b[38;5;12m3\u001b[0m\u001b[0m  \u001b[0m\u001b[0m\u001b[1m\u001b[38;5;12m|\u001b[0m\u001b[0m \u001b[0m\u001b[0mfn main() -> Result<()> {\u001b[0m\n\u001b[0m   \u001b[0m\u001b[0m\u001b[1m\u001b[38;5;12m| \u001b[0m\u001b[0m   \u001b[0m\u001b[0m\u001b[1m\u001b[38;5;12m----\u001b[0m\u001b[0m      \u001b[0m\u001b[0m\u001b[1m\u001b[38;5;9m^^^^^^^^^^\u001b[0m\u001b[0m \u001b[0m\u001b[0m\u001b[1m\u001b[38;5;9mexpected enum `std::result::Result`, found `()`\u001b[0m\n\u001b[0m   \u001b[0m\u001b[0m\u001b[1m\u001b[38;5;12m| \u001b[0m\u001b[0m   \u001b[0m\u001b[0m\u001b[1m\u001b[38;5;12m|\u001b[0m\n\u001b[0m   \u001b[0m\u001b[0m\u001b[1m\u001b[38;5;12m| \u001b[0m\u001b[0m   \u001b[0m\u001b[0m\u001b[1m\u001b[38;5;12mimplicitly returns `()` as its body has no tail or `return` expression\u001b[0m\n\u001b[0m\u001b[1m\u001b[38;5;12m...\u001b[0m\n\u001b[0m\u001b[1m\u001b[38;5;12m11\u001b[0m\u001b[0m \u001b[0m\u001b[0m\u001b[1m\u001b[38;5;12m|\u001b[0m\u001b[0m \u001b[0m\u001b[0m        .map_err(|err| format!(\"Couldn't read stdin: {err}\"))?;\u001b[0m\n\u001b[0m   \u001b[0m\u001b[0m\u001b[1m\u001b[38;5;12m| \u001b[0m\u001b[0m                                                              \u001b[0m\u001b[0m\u001b[1m\u001b[38;5;12m-\u001b[0m\u001b[0m \u001b[0m\u001b[0m\u001b[1m\u001b[38;5;12mhelp: remove this semicolon\u001b[0m\n\u001b[0m   \u001b[0m\u001b[0m\u001b[1m\u001b[38;5;12m|\u001b[0m\n\u001b[0m   \u001b[0m\u001b[0m\u001b[1m\u001b[38;5;12m= \u001b[0m\u001b[0m\u001b[1mnote\u001b[0m\u001b[0m:   expected enum `\u001b[0m\u001b[0m\u001b[1mstd::result::Result<(), String>\u001b[0m\u001b[0m`\u001b[0m\n\u001b[0m           found unit type `\u001b[0m\u001b[0m\u001b[1m()\u001b[0m\u001b[0m`\u001b[0m\n\n"}
{"message":"aborting due to 2 previous errors","code":null,"level":"error","spans":[],"children":[],"rendered":"\u001b[0m\u001b[1m\u001b[38;5;9merror\u001b[0m\u001b[0m\u001b[1m: aborting due to 2 previous errors\u001b[0m\n\n"}
{"message":"Some errors have detailed explanations: E0308, E0599.","code":null,"level":"failure-note","spans":[],"children":[],"rendered":"\u001b[0m\u001b[1mSome errors have detailed explanations: E0308, E0599.\u001b[0m\n"}
{"message":"For more information about an error, try `rustc --explain E0308`.","code":null,"level":"failure-note","spans":[],"children":[],"rendered":"\u001b[0m\u001b[1mFor more information about an error, try `rustc --explain E0308`.\u001b[0m\n"}
